This is pdfTeX, Version 3.141592653-2.6-1.40.26 (TeX Live 2024) (preloaded format=pdflatex 2024.5.1)  20 AUG 2024 13:47
entering extended mode
 restricted \write18 enabled.
 %&-line parsing enabled.
**C:/Users/krieglera/PycharmProjects/akriegler.github.io/assets/json/rendercv_o
utput/Andreas_Kriegler_CV.tex

(c:/Users/krieglera/PycharmProjects/akriegler.github.io/assets/json/rendercv_ou
tput/Andreas_Kriegler_CV.tex
LaTeX2e <2023-11-01> patch level 1
L3 programming layer <2024-03-14>

(c:/Users/krieglera/PycharmProjects/akriegler.github.io/venv/Lib/site-packages/
rendercv/renderer/tinytex-release/TinyTeX/texmf-dist/tex/latex/base/article.cls
Document Class: article 2023/05/17 v1.4n Standard LaTeX document class

(c:/Users/krieglera/PycharmProjects/akriegler.github.io/venv/Lib/site-packages/
rendercv/renderer/tinytex-release/TinyTeX/texmf-dist/tex/latex/base/size10.clo
File: size10.clo 2023/05/17 v1.4n Standard LaTeX file (size option)
)
\c@part=\count188
\c@section=\count189
\c@subsection=\count190
\c@subsubsection=\count191
\c@paragraph=\count192
\c@subparagraph=\count193
\c@figure=\count194
\c@table=\count195
\abovecaptionskip=\skip48
\belowcaptionskip=\skip49
\bibindent=\dimen140
)
(c:/Users/krieglera/PycharmProjects/akriegler.github.io/venv/Lib/site-packages/
rendercv/renderer/tinytex-release/TinyTeX/texmf-dist/tex/latex/geometry/geometr
y.sty
Package: geometry 2020/01/02 v5.9 Page Geometry

(c:/Users/krieglera/PycharmProjects/akriegler.github.io/venv/Lib/site-packages/
rendercv/renderer/tinytex-release/TinyTeX/texmf-dist/tex/latex/graphics/keyval.
sty
Package: keyval 2022/05/29 v1.15 key=value parser (DPC)
\KV@toks@=\toks17
)
(c:/Users/krieglera/PycharmProjects/akriegler.github.io/venv/Lib/site-packages/
rendercv/renderer/tinytex-release/TinyTeX/texmf-dist/tex/generic/iftex/ifvtex.s
ty
Package: ifvtex 2019/10/25 v1.7 ifvtex legacy package. Use iftex instead.

(c:/Users/krieglera/PycharmProjects/akriegler.github.io/venv/Lib/site-packages/
rendercv/renderer/tinytex-release/TinyTeX/texmf-dist/tex/generic/iftex/iftex.st
y
Package: iftex 2022/02/03 v1.0f TeX engine tests
))
\Gm@cnth=\count196
\Gm@cntv=\count197
\c@Gm@tempcnt=\count198
\Gm@bindingoffset=\dimen141
\Gm@wd@mp=\dimen142
\Gm@odd@mp=\dimen143
\Gm@even@mp=\dimen144
\Gm@layoutwidth=\dimen145
\Gm@layoutheight=\dimen146
\Gm@layouthoffset=\dimen147
\Gm@layoutvoffset=\dimen148
\Gm@dimlist=\toks18
)
(c:/Users/krieglera/PycharmProjects/akriegler.github.io/venv/Lib/site-packages/
rendercv/renderer/tinytex-release/TinyTeX/texmf-dist/tex/latex/titlesec/titlese
c.sty
Package: titlesec 2023/10/27 v2.16 Sectioning titles
\ttl@box=\box51
\beforetitleunit=\skip50
\aftertitleunit=\skip51
\ttl@plus=\dimen149
\ttl@minus=\dimen150
\ttl@toksa=\toks19
\titlewidth=\dimen151
\titlewidthlast=\dimen152
\titlewidthfirst=\dimen153
)
(c:/Users/krieglera/PycharmProjects/akriegler.github.io/venv/Lib/site-packages/
rendercv/renderer/tinytex-release/TinyTeX/texmf-dist/tex/latex/tools/tabularx.s
ty
Package: tabularx 2023/07/08 v2.11c `tabularx' package (DPC)

(c:/Users/krieglera/PycharmProjects/akriegler.github.io/venv/Lib/site-packages/
rendercv/renderer/tinytex-release/TinyTeX/texmf-dist/tex/latex/tools/array.sty
Package: array 2023/10/16 v2.5g Tabular extension package (FMi)
\col@sep=\dimen154
\ar@mcellbox=\box52
\extrarowheight=\dimen155
\NC@list=\toks20
\extratabsurround=\skip52
\backup@length=\skip53
\ar@cellbox=\box53
)
\TX@col@width=\dimen156
\TX@old@table=\dimen157
\TX@old@col=\dimen158
\TX@target=\dimen159
\TX@delta=\dimen160
\TX@cols=\count199
\TX@ftn=\toks21
)
(c:/Users/krieglera/PycharmProjects/akriegler.github.io/venv/Lib/site-packages/
rendercv/renderer/tinytex-release/TinyTeX/texmf-dist/tex/latex/xcolor/xcolor.st
y
Package: xcolor 2023/11/15 v3.01 LaTeX color extensions (UK)

(c:/Users/krieglera/PycharmProjects/akriegler.github.io/venv/Lib/site-packages/
rendercv/renderer/tinytex-release/TinyTeX/texmf-dist/tex/latex/graphics-cfg/col
or.cfg
File: color.cfg 2016/01/02 v1.6 sample color configuration
)
Package xcolor Info: Driver file: pdftex.def on input line 274.

(c:/Users/krieglera/PycharmProjects/akriegler.github.io/venv/Lib/site-packages/
rendercv/renderer/tinytex-release/TinyTeX/texmf-dist/tex/latex/graphics-def/pdf
tex.def
File: pdftex.def 2024/04/13 v1.2c Graphics/color driver for pdftex
)
(c:/Users/krieglera/PycharmProjects/akriegler.github.io/venv/Lib/site-packages/
rendercv/renderer/tinytex-release/TinyTeX/texmf-dist/tex/latex/graphics/mathcol
or.ltx)
Package xcolor Info: Model `cmy' substituted by `cmy0' on input line 1350.
Package xcolor Info: Model `hsb' substituted by `rgb' on input line 1354.
Package xcolor Info: Model `RGB' extended on input line 1366.
Package xcolor Info: Model `HTML' substituted by `rgb' on input line 1368.
Package xcolor Info: Model `Hsb' substituted by `hsb' on input line 1369.
Package xcolor Info: Model `tHsb' substituted by `hsb' on input line 1370.
Package xcolor Info: Model `HSB' substituted by `hsb' on input line 1371.
Package xcolor Info: Model `Gray' substituted by `gray' on input line 1372.
Package xcolor Info: Model `wave' substituted by `hsb' on input line 1373.
)
(c:/Users/krieglera/PycharmProjects/akriegler.github.io/venv/Lib/site-packages/
rendercv/renderer/tinytex-release/TinyTeX/texmf-dist/tex/latex/graphics/dvipsna
m.def
File: dvipsnam.def 2016/06/17 v3.0m Driver-dependent file (DPC,SPQR)
)
(c:/Users/krieglera/PycharmProjects/akriegler.github.io/venv/Lib/site-packages/
rendercv/renderer/tinytex-release/TinyTeX/texmf-dist/tex/latex/enumitem/enumite
m.sty
Package: enumitem 2019/06/20 v3.9 Customized lists
\labelindent=\skip54
\enit@outerparindent=\dimen161
\enit@toks=\toks22
\enit@inbox=\box54
\enit@count@id=\count266
\enitdp@description=\count267
)
(c:/Users/krieglera/PycharmProjects/akriegler.github.io/venv/Lib/site-packages/
rendercv/renderer/tinytex-release/TinyTeX/texmf-dist/tex/latex/fontawesome5/fon
tawesome5.sty
(c:/Users/krieglera/PycharmProjects/akriegler.github.io/venv/Lib/site-packages/
rendercv/renderer/tinytex-release/TinyTeX/texmf-dist/tex/latex/l3kernel/expl3.s
ty
Package: expl3 2024-03-14 L3 programming layer (loader) 

(c:/Users/krieglera/PycharmProjects/akriegler.github.io/venv/Lib/site-packages/
rendercv/renderer/tinytex-release/TinyTeX/texmf-dist/tex/latex/l3backend/l3back
end-pdftex.def
File: l3backend-pdftex.def 2024-03-14 L3 backend support: PDF output (pdfTeX)
\l__color_backend_stack_int=\count268
\l__pdf_internal_box=\box55
))
Package: fontawesome5 2022/05/02 v5.15.4 Font Awesome 5

(c:/Users/krieglera/PycharmProjects/akriegler.github.io/venv/Lib/site-packages/
rendercv/renderer/tinytex-release/TinyTeX/texmf-dist/tex/latex/l3packages/l3key
s2e/l3keys2e.sty
Package: l3keys2e 2024-03-14 LaTeX2e option processing using LaTeX3 keys
)
(c:/Users/krieglera/PycharmProjects/akriegler.github.io/venv/Lib/site-packages/
rendercv/renderer/tinytex-release/TinyTeX/texmf-dist/tex/latex/l3packages/xpars
e/xparse.sty
Package: xparse 2024-03-14 L3 Experimental document command parser
)
(c:/Users/krieglera/PycharmProjects/akriegler.github.io/venv/Lib/site-packages/
rendercv/renderer/tinytex-release/TinyTeX/texmf-dist/tex/latex/fontawesome5/fon
tawesome5-generic-helper.sty
Package: fontawesome5-generic-helper 2022/05/02 v5.15.4 non-uTeX helper for fon
tawesome5

(c:/Users/krieglera/PycharmProjects/akriegler.github.io/venv/Lib/site-packages/
rendercv/renderer/tinytex-release/TinyTeX/texmf-dist/tex/latex/fontawesome5/fon
tawesome5-mapping.def)))
(c:/Users/krieglera/PycharmProjects/akriegler.github.io/venv/Lib/site-packages/
rendercv/renderer/tinytex-release/TinyTeX/texmf-dist/tex/latex/amsmath/amsmath.
sty
Package: amsmath 2023/05/13 v2.17o AMS math features
\@mathmargin=\skip55

For additional information on amsmath, use the `?' option.

(c:/Users/krieglera/PycharmProjects/akriegler.github.io/venv/Lib/site-packages/
rendercv/renderer/tinytex-release/TinyTeX/texmf-dist/tex/latex/amsmath/amstext.
sty
Package: amstext 2021/08/26 v2.01 AMS text

(c:/Users/krieglera/PycharmProjects/akriegler.github.io/venv/Lib/site-packages/
rendercv/renderer/tinytex-release/TinyTeX/texmf-dist/tex/latex/amsmath/amsgen.s
ty
File: amsgen.sty 1999/11/30 v2.0 generic functions
\@emptytoks=\toks23
\ex@=\dimen162
))
(c:/Users/krieglera/PycharmProjects/akriegler.github.io/venv/Lib/site-packages/
rendercv/renderer/tinytex-release/TinyTeX/texmf-dist/tex/latex/amsmath/amsbsy.s
ty
Package: amsbsy 1999/11/29 v1.2d Bold Symbols
\pmbraise@=\dimen163
)
(c:/Users/krieglera/PycharmProjects/akriegler.github.io/venv/Lib/site-packages/
rendercv/renderer/tinytex-release/TinyTeX/texmf-dist/tex/latex/amsmath/amsopn.s
ty
Package: amsopn 2022/04/08 v2.04 operator names
)
\inf@bad=\count269
LaTeX Info: Redefining \frac on input line 234.
\uproot@=\count270
\leftroot@=\count271
LaTeX Info: Redefining \overline on input line 399.
LaTeX Info: Redefining \colon on input line 410.
\classnum@=\count272
\DOTSCASE@=\count273
LaTeX Info: Redefining \ldots on input line 496.
LaTeX Info: Redefining \dots on input line 499.
LaTeX Info: Redefining \cdots on input line 620.
\Mathstrutbox@=\box56
\strutbox@=\box57
LaTeX Info: Redefining \big on input line 722.
LaTeX Info: Redefining \Big on input line 723.
LaTeX Info: Redefining \bigg on input line 724.
LaTeX Info: Redefining \Bigg on input line 725.
\big@size=\dimen164
LaTeX Font Info:    Redeclaring font encoding OML on input line 743.
LaTeX Font Info:    Redeclaring font encoding OMS on input line 744.
\macc@depth=\count274
LaTeX Info: Redefining \bmod on input line 905.
LaTeX Info: Redefining \pmod on input line 910.
LaTeX Info: Redefining \smash on input line 940.
LaTeX Info: Redefining \relbar on input line 970.
LaTeX Info: Redefining \Relbar on input line 971.
\c@MaxMatrixCols=\count275
\dotsspace@=\muskip16
\c@parentequation=\count276
\dspbrk@lvl=\count277
\tag@help=\toks24
\row@=\count278
\column@=\count279
\maxfields@=\count280
\andhelp@=\toks25
\eqnshift@=\dimen165
\alignsep@=\dimen166
\tagshift@=\dimen167
\tagwidth@=\dimen168
\totwidth@=\dimen169
\lineht@=\dimen170
\@envbody=\toks26
\multlinegap=\skip56
\multlinetaggap=\skip57
\mathdisplay@stack=\toks27
LaTeX Info: Redefining \[ on input line 2953.
LaTeX Info: Redefining \] on input line 2954.
)
(c:/Users/krieglera/PycharmProjects/akriegler.github.io/venv/Lib/site-packages/
rendercv/renderer/tinytex-release/TinyTeX/texmf-dist/tex/latex/hyperref/hyperre
f.sty
Package: hyperref 2024-01-20 v7.01h Hypertext links for LaTeX

(c:/Users/krieglera/PycharmProjects/akriegler.github.io/venv/Lib/site-packages/
rendercv/renderer/tinytex-release/TinyTeX/texmf-dist/tex/latex/kvsetkeys/kvsetk
eys.sty
Package: kvsetkeys 2022-10-05 v1.19 Key value parser (HO)
)
(c:/Users/krieglera/PycharmProjects/akriegler.github.io/venv/Lib/site-packages/
rendercv/renderer/tinytex-release/TinyTeX/texmf-dist/tex/generic/kvdefinekeys/k
vdefinekeys.sty
Package: kvdefinekeys 2019-12-19 v1.6 Define keys (HO)
)
(c:/Users/krieglera/PycharmProjects/akriegler.github.io/venv/Lib/site-packages/
rendercv/renderer/tinytex-release/TinyTeX/texmf-dist/tex/generic/pdfescape/pdfe
scape.sty
Package: pdfescape 2019/12/09 v1.15 Implements pdfTeX's escape features (HO)

(c:/Users/krieglera/PycharmProjects/akriegler.github.io/venv/Lib/site-packages/
rendercv/renderer/tinytex-release/TinyTeX/texmf-dist/tex/generic/ltxcmds/ltxcmd
s.sty
Package: ltxcmds 2023-12-04 v1.26 LaTeX kernel commands for general use (HO)
)
(c:/Users/krieglera/PycharmProjects/akriegler.github.io/venv/Lib/site-packages/
rendercv/renderer/tinytex-release/TinyTeX/texmf-dist/tex/generic/pdftexcmds/pdf
texcmds.sty
Package: pdftexcmds 2020-06-27 v0.33 Utility functions of pdfTeX for LuaTeX (HO
)

(c:/Users/krieglera/PycharmProjects/akriegler.github.io/venv/Lib/site-packages/
rendercv/renderer/tinytex-release/TinyTeX/texmf-dist/tex/generic/infwarerr/infw
arerr.sty
Package: infwarerr 2019/12/03 v1.5 Providing info/warning/error messages (HO)
)
Package pdftexcmds Info: \pdf@primitive is available.
Package pdftexcmds Info: \pdf@ifprimitive is available.
Package pdftexcmds Info: \pdfdraftmode found.
))
(c:/Users/krieglera/PycharmProjects/akriegler.github.io/venv/Lib/site-packages/
rendercv/renderer/tinytex-release/TinyTeX/texmf-dist/tex/latex/hycolor/hycolor.
sty
Package: hycolor 2020-01-27 v1.10 Color options for hyperref/bookmark (HO)
)
(c:/Users/krieglera/PycharmProjects/akriegler.github.io/venv/Lib/site-packages/
rendercv/renderer/tinytex-release/TinyTeX/texmf-dist/tex/latex/auxhook/auxhook.
sty
Package: auxhook 2019-12-17 v1.6 Hooks for auxiliary files (HO)
)
(c:/Users/krieglera/PycharmProjects/akriegler.github.io/venv/Lib/site-packages/
rendercv/renderer/tinytex-release/TinyTeX/texmf-dist/tex/latex/hyperref/nameref
.sty
Package: nameref 2023-11-26 v2.56 Cross-referencing by name of section

(c:/Users/krieglera/PycharmProjects/akriegler.github.io/venv/Lib/site-packages/
rendercv/renderer/tinytex-release/TinyTeX/texmf-dist/tex/latex/refcount/refcoun
t.sty
Package: refcount 2019/12/15 v3.6 Data extraction from label references (HO)
)
(c:/Users/krieglera/PycharmProjects/akriegler.github.io/venv/Lib/site-packages/
rendercv/renderer/tinytex-release/TinyTeX/texmf-dist/tex/generic/gettitlestring
/gettitlestring.sty
Package: gettitlestring 2019/12/15 v1.6 Cleanup title references (HO)

(c:/Users/krieglera/PycharmProjects/akriegler.github.io/venv/Lib/site-packages/
rendercv/renderer/tinytex-release/TinyTeX/texmf-dist/tex/latex/kvoptions/kvopti
ons.sty
Package: kvoptions 2022-06-15 v3.15 Key value format for package options (HO)
))
\c@section@level=\count281
)
(c:/Users/krieglera/PycharmProjects/akriegler.github.io/venv/Lib/site-packages/
rendercv/renderer/tinytex-release/TinyTeX/texmf-dist/tex/latex/etoolbox/etoolbo
x.sty
Package: etoolbox 2020/10/05 v2.5k e-TeX tools for LaTeX (JAW)
\etb@tempcnta=\count282
)
\@linkdim=\dimen171
\Hy@linkcounter=\count283
\Hy@pagecounter=\count284

(c:/Users/krieglera/PycharmProjects/akriegler.github.io/venv/Lib/site-packages/
rendercv/renderer/tinytex-release/TinyTeX/texmf-dist/tex/latex/hyperref/pd1enc.
def
File: pd1enc.def 2024-01-20 v7.01h Hyperref: PDFDocEncoding definition (HO)
Now handling font encoding PD1 ...
... no UTF-8 mapping file for font encoding PD1
)
(c:/Users/krieglera/PycharmProjects/akriegler.github.io/venv/Lib/site-packages/
rendercv/renderer/tinytex-release/TinyTeX/texmf-dist/tex/generic/intcalc/intcal
c.sty
Package: intcalc 2019/12/15 v1.3 Expandable calculations with integers (HO)
)
\Hy@SavedSpaceFactor=\count285

(c:/Users/krieglera/PycharmProjects/akriegler.github.io/venv/Lib/site-packages/
rendercv/renderer/tinytex-release/TinyTeX/texmf-dist/tex/latex/hyperref/puenc.d
ef
File: puenc.def 2024-01-20 v7.01h Hyperref: PDF Unicode definition (HO)
Now handling font encoding PU ...
... no UTF-8 mapping file for font encoding PU
)
Package hyperref Info: Option `colorlinks' set `true' on input line 4062.
Package hyperref Info: Hyper figures OFF on input line 4179.
Package hyperref Info: Link nesting OFF on input line 4184.
Package hyperref Info: Hyper index ON on input line 4187.
Package hyperref Info: Plain pages OFF on input line 4194.
Package hyperref Info: Backreferencing OFF on input line 4199.
Package hyperref Info: Implicit mode ON; LaTeX internals redefined.
Package hyperref Info: Bookmarks ON on input line 4446.
\c@Hy@tempcnt=\count286

(c:/Users/krieglera/PycharmProjects/akriegler.github.io/venv/Lib/site-packages/
rendercv/renderer/tinytex-release/TinyTeX/texmf-dist/tex/latex/url/url.sty
\Urlmuskip=\muskip17
Package: url 2013/09/16  ver 3.4  Verb mode for urls, etc.
)
LaTeX Info: Redefining \url on input line 4784.
\XeTeXLinkMargin=\dimen172

(c:/Users/krieglera/PycharmProjects/akriegler.github.io/venv/Lib/site-packages/
rendercv/renderer/tinytex-release/TinyTeX/texmf-dist/tex/generic/bitset/bitset.
sty
Package: bitset 2019/12/09 v1.3 Handle bit-vector datatype (HO)

(c:/Users/krieglera/PycharmProjects/akriegler.github.io/venv/Lib/site-packages/
rendercv/renderer/tinytex-release/TinyTeX/texmf-dist/tex/generic/bigintcalc/big
intcalc.sty
Package: bigintcalc 2019/12/15 v1.5 Expandable calculations on big integers (HO
)
))
\Fld@menulength=\count287
\Field@Width=\dimen173
\Fld@charsize=\dimen174
Package hyperref Info: Hyper figures OFF on input line 6063.
Package hyperref Info: Link nesting OFF on input line 6068.
Package hyperref Info: Hyper index ON on input line 6071.
Package hyperref Info: backreferencing OFF on input line 6078.
Package hyperref Info: Link coloring ON on input line 6081.
Package hyperref Info: Link coloring with OCG OFF on input line 6088.
Package hyperref Info: PDF/A mode OFF on input line 6093.

(c:/Users/krieglera/PycharmProjects/akriegler.github.io/venv/Lib/site-packages/
rendercv/renderer/tinytex-release/TinyTeX/texmf-dist/tex/latex/base/atbegshi-lt
x.sty
Package: atbegshi-ltx 2021/01/10 v1.0c Emulation of the original atbegshi
package with kernel methods
)
\Hy@abspage=\count288
\c@Item=\count289
\c@Hfootnote=\count290
)
Package hyperref Info: Driver (autodetected): hpdftex.

(c:/Users/krieglera/PycharmProjects/akriegler.github.io/venv/Lib/site-packages/
rendercv/renderer/tinytex-release/TinyTeX/texmf-dist/tex/latex/hyperref/hpdftex
.def
File: hpdftex.def 2024-01-20 v7.01h Hyperref driver for pdfTeX

(c:/Users/krieglera/PycharmProjects/akriegler.github.io/venv/Lib/site-packages/
rendercv/renderer/tinytex-release/TinyTeX/texmf-dist/tex/latex/base/atveryend-l
tx.sty
Package: atveryend-ltx 2020/08/19 v1.0a Emulation of the original atveryend pac
kage
with kernel methods
)
\Fld@listcount=\count291
\c@bookmark@seq@number=\count292

(c:/Users/krieglera/PycharmProjects/akriegler.github.io/venv/Lib/site-packages/
rendercv/renderer/tinytex-release/TinyTeX/texmf-dist/tex/latex/rerunfilecheck/r
erunfilecheck.sty
Package: rerunfilecheck 2022-07-10 v1.10 Rerun checks for auxiliary files (HO)

(c:/Users/krieglera/PycharmProjects/akriegler.github.io/venv/Lib/site-packages/
rendercv/renderer/tinytex-release/TinyTeX/texmf-dist/tex/generic/uniquecounter/
uniquecounter.sty
Package: uniquecounter 2019/12/15 v1.4 Provide unlimited unique counter (HO)
)
Package uniquecounter Info: New unique counter `rerunfilecheck' on input line 2
85.
)
\Hy@SectionHShift=\skip58
)
(c:/Users/krieglera/PycharmProjects/akriegler.github.io/venv/Lib/site-packages/
rendercv/renderer/tinytex-release/TinyTeX/texmf-dist/tex/latex/eso-pic/eso-pic.
sty
Package: eso-pic 2023/05/03 v3.0c eso-pic (RN)
\ESO@tempdima=\dimen175
\ESO@tempdimb=\dimen176
)
(c:/Users/krieglera/PycharmProjects/akriegler.github.io/venv/Lib/site-packages/
rendercv/renderer/tinytex-release/TinyTeX/texmf-dist/tex/latex/tools/calc.sty
Package: calc 2023/07/08 v4.3 Infix arithmetic (KKT,FJ)
\calc@Acount=\count293
\calc@Bcount=\count294
\calc@Adimen=\dimen177
\calc@Bdimen=\dimen178
\calc@Askip=\skip59
\calc@Bskip=\skip60
LaTeX Info: Redefining \setlength on input line 80.
LaTeX Info: Redefining \addtolength on input line 81.
\calc@Ccount=\count295
\calc@Cskip=\skip61
)
(c:/Users/krieglera/PycharmProjects/akriegler.github.io/venv/Lib/site-packages/
rendercv/renderer/tinytex-release/TinyTeX/texmf-dist/tex/latex/bookmark/bookmar
k.sty
Package: bookmark 2023-12-10 v1.31 PDF bookmarks (HO)

(c:/Users/krieglera/PycharmProjects/akriegler.github.io/venv/Lib/site-packages/
rendercv/renderer/tinytex-release/TinyTeX/texmf-dist/tex/latex/bookmark/bkm-pdf
tex.def
File: bkm-pdftex.def 2023-12-10 v1.31 bookmark driver for pdfTeX and luaTeX (HO
)
\BKM@id=\count296
))
(c:/Users/krieglera/PycharmProjects/akriegler.github.io/venv/Lib/site-packages/
rendercv/renderer/tinytex-release/TinyTeX/texmf-dist/tex/latex/lastpage/lastpag
e.sty
Package: lastpage 2024/04/27 v2.1a lastpage: 2.09 or 2e? (HMM)

(c:/Users/krieglera/PycharmProjects/akriegler.github.io/venv/Lib/site-packages/
rendercv/renderer/tinytex-release/TinyTeX/texmf-dist/tex/latex/lastpage/lastpag
e2e.sty
Package: lastpage2e 2024/04/27 v2.1a Decide which 2e lastpage version to use (H
MM)

(c:/Users/krieglera/PycharmProjects/akriegler.github.io/venv/Lib/site-packages/
rendercv/renderer/tinytex-release/TinyTeX/texmf-dist/tex/latex/lastpage/lastpag
emodern.sty
Package: lastpagemodern 2024-04-27 v2.1a Refers to last page's name (HMM; JPG)
\c@lastpagecount=\count297
) 
))
(c:/Users/krieglera/PycharmProjects/akriegler.github.io/venv/Lib/site-packages/
rendercv/renderer/tinytex-release/TinyTeX/texmf-dist/tex/latex/changepage/chang
epage.sty
Package: changepage 2009/10/20 v1.0c check page and change page layout
\c@cp@cntr=\count298
\cp@tempcnt=\count299
)
(c:/Users/krieglera/PycharmProjects/akriegler.github.io/venv/Lib/site-packages/
rendercv/renderer/tinytex-release/TinyTeX/texmf-dist/tex/latex/paracol/paracol.
sty
Package: paracol 2018/12/31 v1.35 
\pcol@currcol=\count300
\pcol@nextcol=\count301
\pcol@ncol=\count302
\pcol@ncolleft=\count303
\pcol@page=\count304
\pcol@basepage=\count305
\pcol@toppage=\count306
\pcol@footnotebase=\count307
\pcol@nfootnotes=\count308
\pcol@mcid=\count309
\pcol@prevdepth=\dimen179
\pcol@colht=\dimen180
\pcol@textfloatsep=\dimen181
\pcol@lrmargin=\dimen182
\pagerim=\dimen183
\pcol@topskip=\skip62
\belowfootnoteskip=\skip63
\pcol@topfnotes=\box58
\pcol@prespan=\box59
\pcol@rightpage=\box60
\pcol@colorstack@saved=\box61
\pcol@tempboxa=\box62
\pcol@tempboxb=\box63
\pcol@colorins=\insert252
\pcol@everyvbox=\toks28
)
(c:/Users/krieglera/PycharmProjects/akriegler.github.io/venv/Lib/site-packages/
rendercv/renderer/tinytex-release/TinyTeX/texmf-dist/tex/latex/base/ifthen.sty
Package: ifthen 2022/04/13 v1.1d Standard LaTeX ifthen package (DPC)
)
(c:/Users/krieglera/PycharmProjects/akriegler.github.io/venv/Lib/site-packages/
rendercv/renderer/tinytex-release/TinyTeX/texmf-dist/tex/latex/needspace/needsp
ace.sty
Package: needspace 2010/09/12 v1.3d reserve vertical space
)
(c:/Users/krieglera/PycharmProjects/akriegler.github.io/venv/Lib/site-packages/
rendercv/renderer/tinytex-release/TinyTeX/texmf-dist/tex/generic/pdftex/glyphto
unicode.tex)
(c:/Users/krieglera/PycharmProjects/akriegler.github.io/venv/Lib/site-packages/
rendercv/renderer/tinytex-release/TinyTeX/texmf-dist/tex/latex/base/inputenc.st
y
Package: inputenc 2021/02/14 v1.3d Input encoding file
\inpenc@prehook=\toks29
\inpenc@posthook=\toks30
)
(c:/Users/krieglera/PycharmProjects/akriegler.github.io/venv/Lib/site-packages/
rendercv/renderer/tinytex-release/TinyTeX/texmf-dist/tex/latex/lm/lmodern.sty
Package: lmodern 2015/05/01 v1.6.1 Latin Modern Fonts
LaTeX Font Info:    Overwriting symbol font `operators' in version `normal'
(Font)                  OT1/cmr/m/n --> OT1/lmr/m/n on input line 22.
LaTeX Font Info:    Overwriting symbol font `letters' in version `normal'
(Font)                  OML/cmm/m/it --> OML/lmm/m/it on input line 23.
LaTeX Font Info:    Overwriting symbol font `symbols' in version `normal'
(Font)                  OMS/cmsy/m/n --> OMS/lmsy/m/n on input line 24.
LaTeX Font Info:    Overwriting symbol font `largesymbols' in version `normal'
(Font)                  OMX/cmex/m/n --> OMX/lmex/m/n on input line 25.
LaTeX Font Info:    Overwriting symbol font `operators' in version `bold'
(Font)                  OT1/cmr/bx/n --> OT1/lmr/bx/n on input line 26.
LaTeX Font Info:    Overwriting symbol font `letters' in version `bold'
(Font)                  OML/cmm/b/it --> OML/lmm/b/it on input line 27.
LaTeX Font Info:    Overwriting symbol font `symbols' in version `bold'
(Font)                  OMS/cmsy/b/n --> OMS/lmsy/b/n on input line 28.
LaTeX Font Info:    Overwriting symbol font `largesymbols' in version `bold'
(Font)                  OMX/cmex/m/n --> OMX/lmex/m/n on input line 29.
LaTeX Font Info:    Overwriting math alphabet `\mathbf' in version `normal'
(Font)                  OT1/cmr/bx/n --> OT1/lmr/bx/n on input line 31.
LaTeX Font Info:    Overwriting math alphabet `\mathsf' in version `normal'
(Font)                  OT1/cmss/m/n --> OT1/lmss/m/n on input line 32.
LaTeX Font Info:    Overwriting math alphabet `\mathit' in version `normal'
(Font)                  OT1/cmr/m/it --> OT1/lmr/m/it on input line 33.
LaTeX Font Info:    Overwriting math alphabet `\mathtt' in version `normal'
(Font)                  OT1/cmtt/m/n --> OT1/lmtt/m/n on input line 34.
LaTeX Font Info:    Overwriting math alphabet `\mathbf' in version `bold'
(Font)                  OT1/cmr/bx/n --> OT1/lmr/bx/n on input line 35.
LaTeX Font Info:    Overwriting math alphabet `\mathsf' in version `bold'
(Font)                  OT1/cmss/bx/n --> OT1/lmss/bx/n on input line 36.
LaTeX Font Info:    Overwriting math alphabet `\mathit' in version `bold'
(Font)                  OT1/cmr/bx/it --> OT1/lmr/bx/it on input line 37.
LaTeX Font Info:    Overwriting math alphabet `\mathtt' in version `bold'
(Font)                  OT1/cmtt/m/n --> OT1/lmtt/m/n on input line 38.
)
LaTeX Font Info:    Trying to load font information for OT1+lmr on input line 1
48.

(c:/Users/krieglera/PycharmProjects/akriegler.github.io/venv/Lib/site-packages/
rendercv/renderer/tinytex-release/TinyTeX/texmf-dist/tex/latex/lm/ot1lmr.fd
File: ot1lmr.fd 2015/05/01 v1.6.1 Font defs for Latin Modern
)
(./Andreas_Kriegler_CV.aux)
\openout1 = `Andreas_Kriegler_CV.aux'.

LaTeX Font Info:    Checking defaults for OML/cmm/m/it on input line 148.
LaTeX Font Info:    ... okay on input line 148.
LaTeX Font Info:    Checking defaults for OMS/cmsy/m/n on input line 148.
LaTeX Font Info:    ... okay on input line 148.
LaTeX Font Info:    Checking defaults for OT1/cmr/m/n on input line 148.
LaTeX Font Info:    ... okay on input line 148.
LaTeX Font Info:    Checking defaults for T1/cmr/m/n on input line 148.
LaTeX Font Info:    ... okay on input line 148.
LaTeX Font Info:    Checking defaults for TS1/cmr/m/n on input line 148.
LaTeX Font Info:    ... okay on input line 148.
LaTeX Font Info:    Checking defaults for OMX/cmex/m/n on input line 148.
LaTeX Font Info:    ... okay on input line 148.
LaTeX Font Info:    Checking defaults for U/cmr/m/n on input line 148.
LaTeX Font Info:    ... okay on input line 148.
LaTeX Font Info:    Checking defaults for PD1/pdf/m/n on input line 148.
LaTeX Font Info:    ... okay on input line 148.
LaTeX Font Info:    Checking defaults for PU/pdf/m/n on input line 148.
LaTeX Font Info:    ... okay on input line 148.

*geometry* driver: auto-detecting
*geometry* detected driver: pdftex
*geometry* verbose mode - [ preamble ] result:
* driver: pdftex
* paper: letterpaper
* layout: <same size as paper>
* layoutoffset:(h,v)=(0.0pt,0.0pt)
* modes: 
* h-part:(L,W,R)=(56.9055pt, 500.484pt, 56.9055pt)
* v-part:(T,H,B)=(56.9055pt, 681.15898pt, 56.9055pt)
* \paperwidth=614.295pt
* \paperheight=794.96999pt
* \textwidth=500.484pt
* \textheight=681.15898pt
* \oddsidemargin=-15.36449pt
* \evensidemargin=-15.36449pt
* \topmargin=-52.36449pt
* \headheight=12.0pt
* \headsep=25.0pt
* \topskip=0.0pt
* \footskip=28.45274pt
* \marginparwidth=65.0pt
* \marginparsep=11.0pt
* \columnsep=0.0pt
* \skip\footins=9.0pt plus 4.0pt minus 2.0pt
* \hoffset=0.0pt
* \voffset=0.0pt
* \mag=1000
* \@twocolumnfalse
* \@twosidefalse
* \@mparswitchfalse
* \@reversemarginfalse
* (1in=72.27pt=25.4mm, 1cm=28.453pt)

Package hyperref Info: Link coloring ON on input line 148.
\ANDbox=\box64
LaTeX Font Info:    Trying to load font information for U+fontawesomefree2 on i
nput line 163.

(c:/Users/krieglera/PycharmProjects/akriegler.github.io/venv/Lib/site-packages/
rendercv/renderer/tinytex-release/TinyTeX/texmf-dist/tex/latex/fontawesome5/ufo
ntawesomefree2.fd)
LaTeX Font Info:    Trying to load font information for U+fontawesomefree1 on i
nput line 167.

(c:/Users/krieglera/PycharmProjects/akriegler.github.io/venv/Lib/site-packages/
rendercv/renderer/tinytex-release/TinyTeX/texmf-dist/tex/latex/fontawesome5/ufo
ntawesomefree1.fd)
LaTeX Font Info:    Trying to load font information for U+fontawesomebrands1 on
 input line 179.

(c:/Users/krieglera/PycharmProjects/akriegler.github.io/venv/Lib/site-packages/
rendercv/renderer/tinytex-release/TinyTeX/texmf-dist/tex/latex/fontawesome5/ufo
ntawesomebrands1.fd)
LaTeX Font Info:    Font shape `U/fontawesomebrands1/solid/n' in size <8> not a
vailable
(Font)              Font shape `U/fontawesomebrands1/regular/n' tried instead o
n input line 179.
LaTeX Font Info:    Trying to load font information for U+fontawesomebrands0 on
 input line 191.

(c:/Users/krieglera/PycharmProjects/akriegler.github.io/venv/Lib/site-packages/
rendercv/renderer/tinytex-release/TinyTeX/texmf-dist/tex/latex/fontawesome5/ufo
ntawesomebrands0.fd)
LaTeX Font Info:    Font shape `U/fontawesomebrands0/solid/n' in size <8> not a
vailable
(Font)              Font shape `U/fontawesomebrands0/regular/n' tried instead o
n input line 191.
LaTeX Font Info:    Trying to load font information for OML+lmm on input line 2
38.

(c:/Users/krieglera/PycharmProjects/akriegler.github.io/venv/Lib/site-packages/
rendercv/renderer/tinytex-release/TinyTeX/texmf-dist/tex/latex/lm/omllmm.fd
File: omllmm.fd 2015/05/01 v1.6.1 Font defs for Latin Modern
)
LaTeX Font Info:    Trying to load font information for OMS+lmsy on input line 
238.

(c:/Users/krieglera/PycharmProjects/akriegler.github.io/venv/Lib/site-packages/
rendercv/renderer/tinytex-release/TinyTeX/texmf-dist/tex/latex/lm/omslmsy.fd
File: omslmsy.fd 2015/05/01 v1.6.1 Font defs for Latin Modern
)
LaTeX Font Info:    Trying to load font information for OMX+lmex on input line 
238.

(c:/Users/krieglera/PycharmProjects/akriegler.github.io/venv/Lib/site-packages/
rendercv/renderer/tinytex-release/TinyTeX/texmf-dist/tex/latex/lm/omxlmex.fd
File: omxlmex.fd 2015/05/01 v1.6.1 Font defs for Latin Modern
)
LaTeX Font Info:    External font `lmex10' loaded for size
(Font)              <10> on input line 238.
LaTeX Font Info:    External font `lmex10' loaded for size
(Font)              <7> on input line 238.
LaTeX Font Info:    External font `lmex10' loaded for size
(Font)              <5> on input line 238.

[1

{c:/Users/krieglera/PycharmProjects/akriegler.github.io/venv/Lib/site-packages/
rendercv/renderer/tinytex-release/TinyTeX/texmf-var/fonts/map/pdftex/updmap/pdf
tex.map}{c:/Users/krieglera/PycharmProjects/akriegler.github.io/venv/Lib/site-p
ackages/rendercv/renderer/tinytex-release/TinyTeX/texmf-dist/fonts/enc/dvips/lm
/lm-rm.enc}{c:/Users/krieglera/PycharmProjects/akriegler.github.io/venv/Lib/sit
e-packages/rendercv/renderer/tinytex-release/TinyTeX/texmf-dist/fonts/enc/dvips
/fontawesome5/fa5free2.enc}{c:/Users/krieglera/PycharmProjects/akriegler.github
.io/venv/Lib/site-packages/rendercv/renderer/tinytex-release/TinyTeX/texmf-dist
/fonts/enc/dvips/fontawesome5/fa5free1.enc}{c:/Users/krieglera/PycharmProjects/
akriegler.github.io/venv/Lib/site-packages/rendercv/renderer/tinytex-release/Ti
nyTeX/texmf-dist/fonts/enc/dvips/fontawesome5/fa5brands1.enc}{c:/Users/kriegler
a/PycharmProjects/akriegler.github.io/venv/Lib/site-packages/rendercv/renderer/
tinytex-release/TinyTeX/texmf-dist/fonts/enc/dvips/fontawesome5/fa5brands0.enc}
{c:/Users/krieglera/PycharmProjects/akriegler.github.io/venv/Lib/site-packages/
rendercv/renderer/tinytex-release/TinyTeX/texmf-dist/fonts/enc/dvips/lm/lm-math
sy.enc}]
Overfull \hbox (7.50166pt too wide) in paragraph at lines 420--421
[][]\OT1/lmr/m/n/10 , [], [], [], []
 []


Underfull \hbox (badness 10000) in paragraph at lines 420--421

 []


Overfull \hbox (30.77803pt too wide) in paragraph at lines 441--442
[][]\OT1/lmr/m/n/10 , [], [], [], [],
 []


Overfull \hbox (7.50166pt too wide) in paragraph at lines 462--463
[][]\OT1/lmr/m/n/10 , [], [], [], []
 []


Underfull \hbox (badness 10000) in paragraph at lines 462--463

 []


Overfull \hbox (40.16658pt too wide) in paragraph at lines 566--567
[][]\OT1/lmr/m/n/10 , [], [], [], []
 []


Underfull \hbox (badness 10000) in paragraph at lines 566--567

 []


Overfull \vbox (2.89308pt too high) has occurred while \output is active []


Overfull \vbox (2.89308pt too high) has occurred while \output is active []


[2] [3] 
enddocument/afterlastpage: lastpage setting LastPage.
(./Andreas_Kriegler_CV.aux)
 ***********
LaTeX2e <2023-11-01> patch level 1
L3 programming layer <2024-03-14>
 ***********
 ) 
Here is how much of TeX's memory you used:
 14872 strings out of 476002
 274137 string characters out of 5788363
 1956496 words of memory out of 5000000
 36795 multiletter control sequences out of 15000+600000
 600886 words of font info for 60 fonts, out of 8000000 for 9000
 36 hyphenation exceptions out of 8191
 75i,10n,79p,405b,815s stack positions out of 10000i,1000n,20000p,200000b,200000s
<c:/Users/krieglera/PycharmProjects/akriegler.github.io/venv/Lib/site-package
s/rendercv/renderer/tinytex-release/TinyTeX/texmf-dist/fonts/type1/public/fonta
wesome5/FontAwesome5Brands-Regular.pfb><c:/Users/krieglera/PycharmProjects/akri
egler.github.io/venv/Lib/site-packages/rendercv/renderer/tinytex-release/TinyTe
X/texmf-dist/fonts/type1/public/fontawesome5/FontAwesome5Free-Regular.pfb><c:/U
sers/krieglera/PycharmProjects/akriegler.github.io/venv/Lib/site-packages/rende
rcv/renderer/tinytex-release/TinyTeX/texmf-dist/fonts/type1/public/fontawesome5
/FontAwesome5Free-Solid.pfb><c:/Users/krieglera/PycharmProjects/akriegler.githu
b.io/venv/Lib/site-packages/rendercv/renderer/tinytex-release/TinyTeX/texmf-dis
t/fonts/type1/public/lm/lmbx10.pfb><c:/Users/krieglera/PycharmProjects/akriegle
r.github.io/venv/Lib/site-packages/rendercv/renderer/tinytex-release/TinyTeX/te
xmf-dist/fonts/type1/public/lm/lmbx12.pfb><c:/Users/krieglera/PycharmProjects/a
kriegler.github.io/venv/Lib/site-packages/rendercv/renderer/tinytex-release/Tin
yTeX/texmf-dist/fonts/type1/public/lm/lmbxi10.pfb><c:/Users/krieglera/PycharmPr
ojects/akriegler.github.io/venv/Lib/site-packages/rendercv/renderer/tinytex-rel
ease/TinyTeX/texmf-dist/fonts/type1/public/lm/lmr10.pfb><c:/Users/krieglera/Pyc
harmProjects/akriegler.github.io/venv/Lib/site-packages/rendercv/renderer/tinyt
ex-release/TinyTeX/texmf-dist/fonts/type1/public/lm/lmri10.pfb><c:/Users/kriegl
era/PycharmProjects/akriegler.github.io/venv/Lib/site-packages/rendercv/rendere
r/tinytex-release/TinyTeX/texmf-dist/fonts/type1/public/lm/lmri9.pfb><c:/Users/
krieglera/PycharmProjects/akriegler.github.io/venv/Lib/site-packages/rendercv/r
enderer/tinytex-release/TinyTeX/texmf-dist/fonts/type1/public/lm/lmsy10.pfb>
Output written on Andreas_Kriegler_CV.pdf (3 pages, 224914 bytes).
PDF statistics:
 135 PDF objects out of 1000 (max. 8388607)
 106 compressed objects within 2 object streams
 10 named destinations out of 1000 (max. 500000)
 49 words of extra memory for PDF output out of 10000 (max. 10000000)

